[2026-07-18 11:58:11.208] [PID:68451] [INFO] Master Worker Manager starting [PID: 68451]
[2026-07-18 11:58:11.208] [PID:68451] [INFO] Initializing queue 'pdf-generation' with 1 minimum workers.
[2026-07-18 11:58:11.209] [PID:68451] [INFO] Spawned worker process [PID: 68452] for queue 'pdf-generation'. Active workers count: 1
[2026-07-18 11:58:11.209] [PID:68451] [INFO] Initializing queue 'api-sync' with 1 minimum workers.
[2026-07-18 11:58:11.210] [PID:68451] [INFO] Spawned worker process [PID: 68453] for queue 'api-sync'. Active workers count: 2
[2026-07-18 11:58:11.210] [PID:68451] [INFO] Initializing queue 'data-transform' with 1 minimum workers.
[2026-07-18 11:58:11.210] [PID:68451] [INFO] Spawned worker process [PID: 68454] for queue 'data-transform'. Active workers count: 3
[2026-07-18 11:58:11.211] [PID:68452] [INFO] Worker worker:pdf-generation:f3ad6a8d starting...
[2026-07-18 11:58:11.212] [PID:68453] [INFO] Worker worker:api-sync:e56002bd starting...
[2026-07-18 11:58:11.212] [PID:68454] [INFO] Worker worker:data-transform:3064a660 starting...
[2026-07-18 11:59:09.384] [PID:68451] [INFO] Queue 'api-sync' load: 18. Scaling UP: spawning 3 workers. (1 -> 4)
[2026-07-18 11:59:09.385] [PID:68451] [INFO] Spawned worker process [PID: 68466] for queue 'api-sync'. Active workers count: 4
[2026-07-18 11:59:09.385] [PID:68451] [INFO] Spawned worker process [PID: 68467] for queue 'api-sync'. Active workers count: 5
[2026-07-18 11:59:09.386] [PID:68451] [INFO] Spawned worker process [PID: 68468] for queue 'api-sync'. Active workers count: 6
[2026-07-18 11:59:09.386] [PID:68451] [INFO] Queue 'data-transform' load: 23. Scaling UP: spawning 1 workers. (1 -> 2)
[2026-07-18 11:59:09.387] [PID:68451] [INFO] Spawned worker process [PID: 68469] for queue 'data-transform'. Active workers count: 7
[2026-07-18 11:59:09.388] [PID:68466] [INFO] Worker worker:api-sync:2fc7b323 starting...
[2026-07-18 11:59:09.388] [PID:68467] [INFO] Worker worker:api-sync:9f87c644 starting...
[2026-07-18 11:59:09.389] [PID:68468] [INFO] Worker worker:api-sync:30e9e589 starting...
[2026-07-18 11:59:09.389] [PID:68469] [INFO] Worker worker:data-transform:46e0902d starting...
[2026-07-18 12:00:27.712] [PID:68451] [INFO] Queue 'pdf-generation' load: 1784375947709. Scaling UP: spawning 4 workers. (1 -> 5)
[2026-07-18 12:00:27.714] [PID:68451] [INFO] Spawned worker process [PID: 68487] for queue 'pdf-generation'. Active workers count: 8
[2026-07-18 12:00:27.715] [PID:68451] [INFO] Spawned worker process [PID: 68488] for queue 'pdf-generation'. Active workers count: 9
[2026-07-18 12:00:27.715] [PID:68451] [INFO] Spawned worker process [PID: 68489] for queue 'pdf-generation'. Active workers count: 10
[2026-07-18 12:00:27.716] [PID:68451] [INFO] Spawned worker process [PID: 68490] for queue 'pdf-generation'. Active workers count: 11
[2026-07-18 12:00:27.717] [PID:68487] [INFO] Worker worker:pdf-generation:3ca15668 starting...
[2026-07-18 12:00:27.717] [PID:68488] [INFO] Worker worker:pdf-generation:e01e625c starting...
[2026-07-18 12:00:27.718] [PID:68489] [INFO] Worker worker:pdf-generation:015f2fb6 starting...
[2026-07-18 12:00:27.719] [PID:68490] [INFO] Worker worker:pdf-generation:0c01d8c3 starting...
[2026-07-18 12:00:55.692] [PID:68451] [INFO] Master process received signal 15. Starting shutdown sequence.
[2026-07-18 12:00:55.693] [PID:68451] [INFO] Initiating graceful shutdown. Terminating child workers...
[2026-07-18 12:00:55.693] [PID:68451] [INFO] Terminating worker [PID: 68452]...
[2026-07-18 12:00:55.693] [PID:68451] [INFO] Terminating worker [PID: 68453]...
[2026-07-18 12:00:55.693] [PID:68451] [INFO] Terminating worker [PID: 68454]...
[2026-07-18 12:00:55.693] [PID:68451] [INFO] Terminating worker [PID: 68466]...
[2026-07-18 12:00:55.693] [PID:68452] [INFO] Signal 15 received. Requesting worker shutdown...
[2026-07-18 12:00:55.693] [PID:68451] [INFO] Terminating worker [PID: 68467]...
[2026-07-18 12:00:55.693] [PID:68453] [INFO] Signal 15 received. Requesting worker shutdown...
[2026-07-18 12:00:55.693] [PID:68451] [INFO] Terminating worker [PID: 68468]...
[2026-07-18 12:00:55.693] [PID:68454] [INFO] Signal 15 received. Requesting worker shutdown...
[2026-07-18 12:00:55.693] [PID:68452] [INFO] Worker worker:pdf-generation:f3ad6a8d shut down gracefully.
[2026-07-18 12:00:55.693] [PID:68466] [INFO] Signal 15 received. Requesting worker shutdown...
[2026-07-18 12:00:55.693] [PID:68451] [INFO] Terminating worker [PID: 68469]...
[2026-07-18 12:00:55.693] [PID:68468] [INFO] Signal 15 received. Requesting worker shutdown...
[2026-07-18 12:00:55.693] [PID:68453] [INFO] Worker worker:api-sync:e56002bd shut down gracefully.
[2026-07-18 12:00:55.693] [PID:68467] [INFO] Signal 15 received. Requesting worker shutdown...
[2026-07-18 12:00:55.693] [PID:68454] [INFO] Worker worker:data-transform:3064a660 shut down gracefully.
[2026-07-18 12:00:55.693] [PID:68451] [INFO] Terminating worker [PID: 68487]...
[2026-07-18 12:00:55.694] [PID:68466] [INFO] Worker worker:api-sync:2fc7b323 shut down gracefully.
[2026-07-18 12:00:55.694] [PID:68468] [INFO] Worker worker:api-sync:30e9e589 shut down gracefully.
[2026-07-18 12:00:55.694] [PID:68451] [INFO] Terminating worker [PID: 68488]...
[2026-07-18 12:00:55.693] [PID:68469] [INFO] Signal 15 received. Requesting worker shutdown...
[2026-07-18 12:00:55.694] [PID:68467] [INFO] Worker worker:api-sync:9f87c644 shut down gracefully.
[2026-07-18 12:00:55.694] [PID:68487] [INFO] Signal 15 received. Requesting worker shutdown...
[2026-07-18 12:00:55.694] [PID:68451] [INFO] Terminating worker [PID: 68489]...
[2026-07-18 12:00:55.694] [PID:68488] [INFO] Signal 15 received. Requesting worker shutdown...
[2026-07-18 12:00:55.694] [PID:68451] [INFO] Terminating worker [PID: 68490]...
[2026-07-18 12:00:55.694] [PID:68469] [INFO] Worker worker:data-transform:46e0902d shut down gracefully.
[2026-07-18 12:00:55.694] [PID:68489] [INFO] Signal 15 received. Requesting worker shutdown...
[2026-07-18 12:00:55.694] [PID:68487] [INFO] Worker worker:pdf-generation:3ca15668 shut down gracefully.
[2026-07-18 12:00:55.694] [PID:68488] [INFO] Worker worker:pdf-generation:e01e625c shut down gracefully.
[2026-07-18 12:00:55.694] [PID:68490] [INFO] Signal 15 received. Requesting worker shutdown...
[2026-07-18 12:00:55.694] [PID:68489] [INFO] Worker worker:pdf-generation:015f2fb6 shut down gracefully.
[2026-07-18 12:00:55.694] [PID:68490] [INFO] Worker worker:pdf-generation:0c01d8c3 shut down gracefully.
[2026-07-18 12:01:00.697] [PID:68451] [WARNING] Some workers did not exit in time. Force killing remaining workers: 68452, 68453, 68454, 68466, 68467, 68468, 68469, 68487, 68488, 68489, 68490
[2026-07-18 12:01:00.697] [PID:68451] [INFO] Master Worker Manager shut down completed.
[2026-07-18 12:01:04.772] [PID:68522] [INFO] Master Worker Manager starting [PID: 68522]
[2026-07-18 12:01:04.772] [PID:68522] [INFO] Initializing queue 'pdf-generation' with 1 minimum workers.
[2026-07-18 12:01:04.773] [PID:68522] [INFO] Spawned worker process [PID: 68523] for queue 'pdf-generation'. Active workers count: 1
[2026-07-18 12:01:04.773] [PID:68522] [INFO] Initializing queue 'api-sync' with 1 minimum workers.
[2026-07-18 12:01:04.774] [PID:68522] [INFO] Spawned worker process [PID: 68524] for queue 'api-sync'. Active workers count: 2
[2026-07-18 12:01:04.774] [PID:68522] [INFO] Initializing queue 'data-transform' with 1 minimum workers.
[2026-07-18 12:01:04.774] [PID:68522] [INFO] Spawned worker process [PID: 68525] for queue 'data-transform'. Active workers count: 3
[2026-07-18 12:01:04.775] [PID:68523] [INFO] Worker worker:pdf-generation:f7f45cdd starting...
[2026-07-18 12:01:04.776] [PID:68524] [INFO] Worker worker:api-sync:e9f56577 starting...
[2026-07-18 12:01:04.776] [PID:68522] [INFO] Queue 'pdf-generation' load: 1784375947711. Scaling UP: spawning 4 workers. (1 -> 5)
[2026-07-18 12:01:04.776] [PID:68523] [INFO] Processing job cli-job-89558d9169ae [pdf.generate] (Attempt: 0)
[2026-07-18 12:01:04.777] [PID:68525] [INFO] Worker worker:data-transform:4b2ec76f starting...
[2026-07-18 12:01:04.777] [PID:68522] [INFO] Spawned worker process [PID: 68526] for queue 'pdf-generation'. Active workers count: 4
[2026-07-18 12:01:04.777] [PID:68522] [INFO] Spawned worker process [PID: 68527] for queue 'pdf-generation'. Active workers count: 5
[2026-07-18 12:01:04.777] [PID:68524] [INFO] Processing job cli-job-73b9769d82cf [api.sync] (Attempt: 0)
[2026-07-18 12:01:04.778] [PID:68522] [INFO] Spawned worker process [PID: 68528] for queue 'pdf-generation'. Active workers count: 6
[2026-07-18 12:01:04.778] [PID:68522] [INFO] Spawned worker process [PID: 68529] for queue 'pdf-generation'. Active workers count: 7
[2026-07-18 12:01:04.778] [PID:68525] [INFO] Processing job cli-job-873db7ceaec0 [data.transform] (Attempt: 0)
[2026-07-18 12:01:04.778] [PID:68522] [INFO] Queue 'api-sync' load: 18. Scaling UP: spawning 3 workers. (1 -> 4)
[2026-07-18 12:01:04.779] [PID:68526] [INFO] Worker worker:pdf-generation:495640cd starting...
[2026-07-18 12:01:04.779] [PID:68522] [INFO] Spawned worker process [PID: 68530] for queue 'api-sync'. Active workers count: 8
[2026-07-18 12:01:04.779] [PID:68527] [INFO] Worker worker:pdf-generation:0db322d7 starting...
[2026-07-18 12:01:04.780] [PID:68522] [INFO] Spawned worker process [PID: 68531] for queue 'api-sync'. Active workers count: 9
[2026-07-18 12:01:04.780] [PID:68528] [INFO] Worker worker:pdf-generation:8482ca99 starting...
[2026-07-18 12:01:04.780] [PID:68529] [INFO] Worker worker:pdf-generation:a10657c4 starting...
[2026-07-18 12:01:04.780] [PID:68526] [INFO] Processing job cli-job-db750db37b43 [pdf.generate] (Attempt: 0)
[2026-07-18 12:01:04.780] [PID:68522] [INFO] Spawned worker process [PID: 68532] for queue 'api-sync'. Active workers count: 10
[2026-07-18 12:01:04.781] [PID:68522] [INFO] Queue 'data-transform' load: 23. Scaling UP: spawning 1 workers. (1 -> 2)
[2026-07-18 12:01:04.781] [PID:68527] [INFO] Processing job cli-job-a77b0bd6ef34 [pdf.generate] (Attempt: 0)
[2026-07-18 12:01:04.781] [PID:68522] [INFO] Spawned worker process [PID: 68533] for queue 'data-transform'. Active workers count: 11
[2026-07-18 12:01:04.781] [PID:68530] [INFO] Worker worker:api-sync:20fa4b4e starting...
[2026-07-18 12:01:04.781] [PID:68528] [INFO] Processing job cli-job-17526fbc2b4f [pdf.generate] (Attempt: 0)
[2026-07-18 12:01:04.782] [PID:68529] [INFO] Processing job cli-job-785aa34423c1 [pdf.generate] (Attempt: 0)
[2026-07-18 12:01:04.782] [PID:68531] [INFO] Worker worker:api-sync:4cf41a86 starting...
[2026-07-18 12:01:04.783] [PID:68532] [INFO] Worker worker:api-sync:6b77a0c8 starting...
[2026-07-18 12:01:04.783] [PID:68530] [INFO] Processing job cli-job-43541f050324 [api.sync] (Attempt: 0)
[2026-07-18 12:01:04.783] [PID:68533] [INFO] Worker worker:data-transform:f6de9cdd starting...
[2026-07-18 12:01:04.784] [PID:68531] [INFO] Processing job cli-job-a1d8fa2ff3c5 [api.sync] (Attempt: 0)
[2026-07-18 12:01:04.784] [PID:68532] [INFO] Processing job cli-job-62778b386fec [api.sync] (Attempt: 0)
[2026-07-18 12:01:04.785] [PID:68533] [INFO] Processing job cli-job-0b0143c38561 [data.transform] (Attempt: 0)
[2026-07-18 12:01:04.944] [PID:68525] [SUCCESS] Job cli-job-873db7ceaec0 [data.transform] completed successfully in 165.17ms
[2026-07-18 12:01:04.965] [PID:68525] [INFO] Processing job cli-job-35d74ea21bbe [data.transform] (Attempt: 0)
[2026-07-18 12:01:05.065] [PID:68533] [SUCCESS] Job cli-job-0b0143c38561 [data.transform] completed successfully in 280.05ms
[2026-07-18 12:01:05.087] [PID:68533] [INFO] Processing job cli-job-e984a5231459 [data.transform] (Attempt: 0)
[2026-07-18 12:01:05.211] [PID:68533] [SUCCESS] Job cli-job-e984a5231459 [data.transform] completed successfully in 123.09ms
[2026-07-18 12:01:05.233] [PID:68533] [INFO] Processing job cli-job-c5b05ff86b4e [data.transform] (Attempt: 0)
[2026-07-18 12:01:05.278] [PID:68525] [SUCCESS] Job cli-job-35d74ea21bbe [data.transform] completed successfully in 311.12ms
[2026-07-18 12:01:05.300] [PID:68525] [INFO] Processing job cli-job-20e1570b1fc6 [data.transform] (Attempt: 0)
[2026-07-18 12:01:05.307] [PID:68527] [SUCCESS] Job cli-job-a77b0bd6ef34 [pdf.generate] completed successfully in 525.07ms
[2026-07-18 12:01:05.329] [PID:68527] [INFO] Processing job cli-job-4fda03891df4 [pdf.generate] (Attempt: 0)
[2026-07-18 12:01:05.338] [PID:68533] [SUCCESS] Job cli-job-c5b05ff86b4e [data.transform] completed successfully in 103.64ms
[2026-07-18 12:01:05.360] [PID:68533] [INFO] Processing job cli-job-53fb43f7d680 [data.transform] (Attempt: 0)
[2026-07-18 12:01:05.473] [PID:68525] [SUCCESS] Job cli-job-20e1570b1fc6 [data.transform] completed successfully in 172.09ms
[2026-07-18 12:01:05.495] [PID:68525] [INFO] Processing job cli-job-7cfb4913b543 [data.transform] (Attempt: 0)
[2026-07-18 12:01:05.555] [PID:68524] [SUCCESS] Job cli-job-73b9769d82cf [api.sync] completed successfully in 776.1ms
[2026-07-18 12:01:05.572] [PID:68532] [ERROR] Job cli-job-62778b386fec failed: Gateway Timeout: External service failed to respond in time.
[2026-07-18 12:01:05.572] [PID:68532] [WARNING] Scheduling retry for job cli-job-62778b386fec [api.sync] in 5s (Attempt 0 of 3)
[2026-07-18 12:01:05.577] [PID:68524] [INFO] Processing job cli-job-19284dfe0d4a [api.sync] (Attempt: 0)
[2026-07-18 12:01:05.593] [PID:68531] [SUCCESS] Job cli-job-a1d8fa2ff3c5 [api.sync] completed successfully in 808.09ms
[2026-07-18 12:01:05.596] [PID:68532] [INFO] Processing job cli-job-c2e84ac8b90f [api.sync] (Attempt: 0)
[2026-07-18 12:01:05.615] [PID:68531] [INFO] Processing job cli-job-6297935f4f8c [api.sync] (Attempt: 0)
[2026-07-18 12:01:05.647] [PID:68533] [SUCCESS] Job cli-job-53fb43f7d680 [data.transform] completed successfully in 286.08ms
[2026-07-18 12:01:05.671] [PID:68533] [INFO] Processing job cli-job-ff0447da9946 [data.transform] (Attempt: 0)
[2026-07-18 12:01:05.742] [PID:68526] [SUCCESS] Job cli-job-db750db37b43 [pdf.generate] completed successfully in 960.05ms
[2026-07-18 12:01:05.752] [PID:68525] [SUCCESS] Job cli-job-7cfb4913b543 [data.transform] completed successfully in 255.66ms
[2026-07-18 12:01:05.764] [PID:68526] [INFO] Processing job cli-job-ab49bb22bcd0 [pdf.generate] (Attempt: 0)
[2026-07-18 12:01:05.767] [PID:68530] [ERROR] Job cli-job-43541f050324 failed: External API returned HTTP 429: Too Many Requests on endpoint: /crm/contacts.
[2026-07-18 12:01:05.767] [PID:68530] [WARNING] Scheduling retry for job cli-job-43541f050324 [api.sync] in 5s (Attempt 0 of 3)
[2026-07-18 12:01:05.774] [PID:68525] [INFO] Processing job cli-job-d67061d413df [data.transform] (Attempt: 0)
[2026-07-18 12:01:05.791] [PID:68530] [INFO] Processing job cli-job-f8f96f66b02f [api.sync] (Attempt: 0)
[2026-07-18 12:01:05.818] [PID:68533] [SUCCESS] Job cli-job-ff0447da9946 [data.transform] completed successfully in 145.91ms
[2026-07-18 12:01:05.841] [PID:68533] [INFO] Processing job cli-job-81a5b95438e6 [data.transform] (Attempt: 0)
[2026-07-18 12:01:05.978] [PID:68525] [SUCCESS] Job cli-job-d67061d413df [data.transform] completed successfully in 203.77ms
[2026-07-18 12:01:06.000] [PID:68525] [INFO] Processing job cli-job-7c5fbce6a067 [data.transform] (Attempt: 0)
[2026-07-18 12:01:06.071] [PID:68533] [SUCCESS] Job cli-job-81a5b95438e6 [data.transform] completed successfully in 227.56ms
[2026-07-18 12:01:06.085] [PID:68531] [SUCCESS] Job cli-job-6297935f4f8c [api.sync] completed successfully in 468.11ms
[2026-07-18 12:01:06.093] [PID:68533] [INFO] Processing job cli-job-c248f4a4332e [data.transform] (Attempt: 0)
[2026-07-18 12:01:06.101] [PID:68530] [SUCCESS] Job cli-job-f8f96f66b02f [api.sync] completed successfully in 309.05ms
[2026-07-18 12:01:06.106] [PID:68531] [INFO] Processing job cli-job-67cd280055ec [api.sync] (Attempt: 0)
[2026-07-18 12:01:06.116] [PID:68529] [SUCCESS] Job cli-job-785aa34423c1 [pdf.generate] completed successfully in 1333.05ms
[2026-07-18 12:01:06.123] [PID:68530] [INFO] Processing job cli-job-3aa408f2beed [api.sync] (Attempt: 0)
[2026-07-18 12:01:06.128] [PID:68525] [SUCCESS] Job cli-job-7c5fbce6a067 [data.transform] completed successfully in 127.05ms
[2026-07-18 12:01:06.150] [PID:68525] [INFO] Processing job cli-job-9535248f3496 [data.transform] (Attempt: 0)
[2026-07-18 12:01:06.160] [PID:68528] [SUCCESS] Job cli-job-17526fbc2b4f [pdf.generate] completed successfully in 1377.1ms
[2026-07-18 12:01:06.168] [PID:68532] [SUCCESS] Job cli-job-c2e84ac8b90f [api.sync] completed successfully in 571.09ms
[2026-07-18 12:01:06.191] [PID:68532] [INFO] Processing job cli-job-5aa45b6b78eb [api.sync] (Attempt: 0)
[2026-07-18 12:01:06.223] [PID:68523] [SUCCESS] Job cli-job-89558d9169ae [pdf.generate] completed successfully in 1445.1ms
[2026-07-18 12:01:06.287] [PID:68527] [SUCCESS] Job cli-job-4fda03891df4 [pdf.generate] completed successfully in 956.07ms
[2026-07-18 12:01:06.351] [PID:68525] [SUCCESS] Job cli-job-9535248f3496 [data.transform] completed successfully in 200.07ms
[2026-07-18 12:01:06.374] [PID:68525] [INFO] Processing job cli-job-776499aacd12 [data.transform] (Attempt: 0)
[2026-07-18 12:01:06.381] [PID:68533] [SUCCESS] Job cli-job-c248f4a4332e [data.transform] completed successfully in 286.97ms
[2026-07-18 12:01:06.403] [PID:68533] [INFO] Processing job cli-job-556a7d5b8e28 [data.transform] (Attempt: 0)
[2026-07-18 12:01:06.456] [PID:68524] [ERROR] Job cli-job-19284dfe0d4a failed: External API returned HTTP 429: Too Many Requests on endpoint: /crm/contacts.
[2026-07-18 12:01:06.457] [PID:68524] [WARNING] Scheduling retry for job cli-job-19284dfe0d4a [api.sync] in 5s (Attempt 0 of 3)
[2026-07-18 12:01:06.480] [PID:68524] [INFO] Processing job cli-job-830d9c4d5420 [api.sync] (Attempt: 0)
[2026-07-18 12:01:06.544] [PID:68531] [SUCCESS] Job cli-job-67cd280055ec [api.sync] completed successfully in 436.1ms
[2026-07-18 12:01:06.550] [PID:68532] [ERROR] Job cli-job-5aa45b6b78eb failed: Gateway Timeout: External service failed to respond in time.
[2026-07-18 12:01:06.550] [PID:68532] [WARNING] Scheduling retry for job cli-job-5aa45b6b78eb [api.sync] in 5s (Attempt 0 of 3)
[2026-07-18 12:01:06.566] [PID:68531] [INFO] Processing job cli-job-767d2a559fad [api.sync] (Attempt: 0)
[2026-07-18 12:01:06.572] [PID:68532] [INFO] Processing job cli-job-18b20117fad5 [api.sync] (Attempt: 0)
[2026-07-18 12:01:06.707] [PID:68533] [ERROR] Job cli-job-556a7d5b8e28 failed: Database deadlock occurred during serialization of 502 records.
[2026-07-18 12:01:06.707] [PID:68533] [WARNING] Scheduling retry for job cli-job-556a7d5b8e28 [data.transform] in 5s (Attempt 0 of 3)
[2026-07-18 12:01:06.729] [PID:68533] [INFO] Processing job cli-job-2193097c6417 [data.transform] (Attempt: 0)
[2026-07-18 12:01:06.776] [PID:68525] [SUCCESS] Job cli-job-776499aacd12 [data.transform] completed successfully in 401.06ms
[2026-07-18 12:01:06.788] [PID:68522] [INFO] Queue 'api-sync' load: 1784375947720. Scaling UP: spawning 4 workers. (4 -> 8)
[2026-07-18 12:01:06.789] [PID:68522] [INFO] Spawned worker process [PID: 68534] for queue 'api-sync'. Active workers count: 12
[2026-07-18 12:01:06.789] [PID:68522] [INFO] Spawned worker process [PID: 68535] for queue 'api-sync'. Active workers count: 13
[2026-07-18 12:01:06.790] [PID:68522] [INFO] Spawned worker process [PID: 68536] for queue 'api-sync'. Active workers count: 14
[2026-07-18 12:01:06.790] [PID:68522] [INFO] Spawned worker process [PID: 68537] for queue 'api-sync'. Active workers count: 15
[2026-07-18 12:01:06.790] [PID:68522] [INFO] Queue 'data-transform' load: 1784375947714. Scaling UP: spawning 1 workers. (2 -> 3)
[2026-07-18 12:01:06.791] [PID:68522] [INFO] Spawned worker process [PID: 68538] for queue 'data-transform'. Active workers count: 16
[2026-07-18 12:01:06.791] [PID:68534] [INFO] Worker worker:api-sync:0a5b83aa starting...
[2026-07-18 12:01:06.791] [PID:68535] [INFO] Worker worker:api-sync:52c372eb starting...
[2026-07-18 12:01:06.792] [PID:68536] [INFO] Worker worker:api-sync:edbecc27 starting...
[2026-07-18 12:01:06.792] [PID:68537] [INFO] Worker worker:api-sync:0c3be20e starting...
[2026-07-18 12:01:06.792] [PID:68534] [INFO] Processing job cli-job-2cc18be3841f [api.sync] (Attempt: 0)
[2026-07-18 12:01:06.793] [PID:68535] [INFO] Processing job cli-job-9769ad3db42a [api.sync] (Attempt: 0)
[2026-07-18 12:01:06.793] [PID:68538] [INFO] Worker worker:data-transform:2252cfd0 starting...
[2026-07-18 12:01:06.793] [PID:68536] [INFO] Processing job cli-job-21e49f2bae49 [api.sync] (Attempt: 0)
[2026-07-18 12:01:06.794] [PID:68537] [INFO] Processing job cli-job-9ab5e79cddeb [api.sync] (Attempt: 0)
[2026-07-18 12:01:06.794] [PID:68538] [INFO] Processing job cli-job-90e2703127c9 [data.transform] (Attempt: 0)
[2026-07-18 12:01:06.797] [PID:68525] [INFO] Processing job cli-job-3dbba0759440 [data.transform] (Attempt: 0)
[2026-07-18 12:01:07.014] [PID:68533] [SUCCESS] Job cli-job-2193097c6417 [data.transform] completed successfully in 284.03ms
[2026-07-18 12:01:07.035] [PID:68533] [INFO] Processing job cli-job-b46131fa26e5 [data.transform] (Attempt: 0)
[2026-07-18 12:01:07.109] [PID:68524] [SUCCESS] Job cli-job-830d9c4d5420 [api.sync] completed successfully in 627.08ms
[2026-07-18 12:01:07.113] [PID:68530] [SUCCESS] Job cli-job-3aa408f2beed [api.sync] completed successfully in 989.04ms
[2026-07-18 12:01:07.149] [PID:68525] [SUCCESS] Job cli-job-3dbba0759440 [data.transform] completed successfully in 351.5ms
[2026-07-18 12:01:07.154] [PID:68536] [SUCCESS] Job cli-job-21e49f2bae49 [api.sync] completed successfully in 360.04ms
[2026-07-18 12:01:07.158] [PID:68538] [SUCCESS] Job cli-job-90e2703127c9 [data.transform] completed successfully in 363.05ms
[2026-07-18 12:01:07.166] [PID:68537] [SUCCESS] Job cli-job-9ab5e79cddeb [api.sync] completed successfully in 371.79ms
[2026-07-18 12:01:07.170] [PID:68525] [INFO] Processing job cli-job-4fcfb2075553 [data.transform] (Attempt: 0)
[2026-07-18 12:01:07.180] [PID:68538] [INFO] Processing job cli-job-1c72671ddd97 [data.transform] (Attempt: 0)
[2026-07-18 12:01:07.201] [PID:68534] [SUCCESS] Job cli-job-2cc18be3841f [api.sync] completed successfully in 406.69ms
[2026-07-18 12:01:07.253] [PID:68526] [SUCCESS] Job cli-job-ab49bb22bcd0 [pdf.generate] completed successfully in 1487.49ms
[2026-07-18 12:01:07.331] [PID:68532] [SUCCESS] Job cli-job-18b20117fad5 [api.sync] completed successfully in 757.84ms
[2026-07-18 12:01:07.332] [PID:68533] [SUCCESS] Job cli-job-b46131fa26e5 [data.transform] completed successfully in 295.76ms
[2026-07-18 12:01:07.353] [PID:68533] [INFO] Processing job cli-job-ad770d306913 [data.transform] (Attempt: 0)
[2026-07-18 12:01:07.395] [PID:68531] [SUCCESS] Job cli-job-767d2a559fad [api.sync] completed successfully in 827.03ms
[2026-07-18 12:01:07.474] [PID:68538] [SUCCESS] Job cli-job-1c72671ddd97 [data.transform] completed successfully in 292.43ms
[2026-07-18 12:01:07.524] [PID:68525] [SUCCESS] Job cli-job-4fcfb2075553 [data.transform] completed successfully in 352.07ms
[2026-07-18 12:01:07.559] [PID:68533] [SUCCESS] Job cli-job-ad770d306913 [data.transform] completed successfully in 204.07ms
[2026-07-18 12:01:07.560] [PID:68535] [SUCCESS] Job cli-job-9769ad3db42a [api.sync] completed successfully in 766.13ms
[2026-07-18 12:01:10.799] [PID:68531] [INFO] Processing job cli-job-62778b386fec [api.sync] (Attempt: 1)
[2026-07-18 12:01:10.799] [PID:68522] [INFO] Re-enqueued 2 delayed tasks to active streams.
[2026-07-18 12:01:10.799] [PID:68535] [INFO] Processing job cli-job-43541f050324 [api.sync] (Attempt: 1)
[2026-07-18 12:01:11.106] [PID:68531] [SUCCESS] Job cli-job-62778b386fec [api.sync] completed successfully in 305.94ms
[2026-07-18 12:01:11.323] [PID:68535] [SUCCESS] Job cli-job-43541f050324 [api.sync] completed successfully in 522.13ms
[2026-07-18 12:01:12.807] [PID:68536] [INFO] Processing job cli-job-19284dfe0d4a [api.sync] (Attempt: 1)
[2026-07-18 12:01:12.807] [PID:68532] [INFO] Processing job cli-job-5aa45b6b78eb [api.sync] (Attempt: 1)
[2026-07-18 12:01:12.808] [PID:68522] [INFO] Re-enqueued 3 delayed tasks to active streams.
[2026-07-18 12:01:12.827] [PID:68533] [INFO] Processing job cli-job-556a7d5b8e28 [data.transform] (Attempt: 1)
[2026-07-18 12:01:12.975] [PID:68533] [SUCCESS] Job cli-job-556a7d5b8e28 [data.transform] completed successfully in 146.23ms
[2026-07-18 12:01:13.526] [PID:68536] [SUCCESS] Job cli-job-19284dfe0d4a [api.sync] completed successfully in 717.83ms
[2026-07-18 12:01:13.729] [PID:68532] [SUCCESS] Job cli-job-5aa45b6b78eb [api.sync] completed successfully in 920.69ms
[2026-07-18 12:01:22.842] [PID:68522] [INFO] Queue 'api-sync' has been low load for 10s. Scaling DOWN: terminating 7 workers. (8 -> 1)
[2026-07-18 12:01:22.842] [PID:68522] [INFO] Sending SIGTERM to worker [PID: 68524] (Queue: api-sync)
[2026-07-18 12:01:22.843] [PID:68522] [INFO] Sending SIGTERM to worker [PID: 68530] (Queue: api-sync)
[2026-07-18 12:01:22.843] [PID:68522] [INFO] Sending SIGTERM to worker [PID: 68531] (Queue: api-sync)
[2026-07-18 12:01:22.843] [PID:68522] [INFO] Sending SIGTERM to worker [PID: 68532] (Queue: api-sync)
[2026-07-18 12:01:22.843] [PID:68522] [INFO] Sending SIGTERM to worker [PID: 68534] (Queue: api-sync)
[2026-07-18 12:01:22.843] [PID:68522] [INFO] Sending SIGTERM to worker [PID: 68535] (Queue: api-sync)
[2026-07-18 12:01:22.843] [PID:68522] [INFO] Sending SIGTERM to worker [PID: 68536] (Queue: api-sync)
[2026-07-18 12:01:22.843] [PID:68522] [INFO] Queue 'data-transform' has been low load for 10s. Scaling DOWN: terminating 2 workers. (3 -> 1)
[2026-07-18 12:01:22.843] [PID:68522] [INFO] Sending SIGTERM to worker [PID: 68525] (Queue: data-transform)
[2026-07-18 12:01:22.844] [PID:68522] [INFO] Sending SIGTERM to worker [PID: 68533] (Queue: data-transform)
[2026-07-18 12:01:23.054] [PID:68533] [INFO] Signal 15 received. Requesting worker shutdown...
[2026-07-18 12:01:23.054] [PID:68525] [INFO] Signal 15 received. Requesting worker shutdown...
[2026-07-18 12:01:23.054] [PID:68531] [INFO] Signal 15 received. Requesting worker shutdown...
[2026-07-18 12:01:23.054] [PID:68536] [INFO] Signal 15 received. Requesting worker shutdown...
[2026-07-18 12:01:23.055] [PID:68533] [INFO] Worker worker:data-transform:f6de9cdd shut down gracefully.
[2026-07-18 12:01:23.055] [PID:68525] [INFO] Worker worker:data-transform:4b2ec76f shut down gracefully.
[2026-07-18 12:01:23.055] [PID:68531] [INFO] Worker worker:api-sync:4cf41a86 shut down gracefully.
[2026-07-18 12:01:23.055] [PID:68536] [INFO] Worker worker:api-sync:edbecc27 shut down gracefully.
[2026-07-18 12:01:23.256] [PID:68532] [INFO] Signal 15 received. Requesting worker shutdown...
[2026-07-18 12:01:23.256] [PID:68524] [INFO] Signal 15 received. Requesting worker shutdown...
[2026-07-18 12:01:23.256] [PID:68530] [INFO] Signal 15 received. Requesting worker shutdown...
[2026-07-18 12:01:23.256] [PID:68534] [INFO] Signal 15 received. Requesting worker shutdown...
[2026-07-18 12:01:23.256] [PID:68535] [INFO] Signal 15 received. Requesting worker shutdown...
[2026-07-18 12:01:23.257] [PID:68532] [INFO] Worker worker:api-sync:6b77a0c8 shut down gracefully.
[2026-07-18 12:01:23.258] [PID:68524] [INFO] Worker worker:api-sync:e9f56577 shut down gracefully.
[2026-07-18 12:01:23.258] [PID:68535] [INFO] Worker worker:api-sync:52c372eb shut down gracefully.
[2026-07-18 12:01:23.258] [PID:68534] [INFO] Worker worker:api-sync:0a5b83aa shut down gracefully.
[2026-07-18 12:01:23.258] [PID:68530] [INFO] Worker worker:api-sync:20fa4b4e shut down gracefully.
[2026-07-18 12:01:24.849] [PID:68522] [INFO] Queue 'api-sync' has been low load for 10s. Scaling DOWN: terminating 7 workers. (8 -> 1)
[2026-07-18 12:01:24.849] [PID:68522] [INFO] Sending SIGTERM to worker [PID: 68524] (Queue: api-sync)
[2026-07-18 12:01:24.850] [PID:68522] [INFO] Sending SIGTERM to worker [PID: 68530] (Queue: api-sync)
[2026-07-18 12:01:24.850] [PID:68522] [INFO] Sending SIGTERM to worker [PID: 68531] (Queue: api-sync)
[2026-07-18 12:01:24.850] [PID:68522] [INFO] Sending SIGTERM to worker [PID: 68532] (Queue: api-sync)
[2026-07-18 12:01:24.850] [PID:68522] [INFO] Sending SIGTERM to worker [PID: 68534] (Queue: api-sync)
[2026-07-18 12:01:24.850] [PID:68522] [INFO] Sending SIGTERM to worker [PID: 68535] (Queue: api-sync)
[2026-07-18 12:01:24.850] [PID:68522] [INFO] Sending SIGTERM to worker [PID: 68536] (Queue: api-sync)
[2026-07-18 12:01:24.850] [PID:68522] [INFO] Queue 'data-transform' has been low load for 10s. Scaling DOWN: terminating 2 workers. (3 -> 1)
[2026-07-18 12:01:24.850] [PID:68522] [INFO] Sending SIGTERM to worker [PID: 68525] (Queue: data-transform)
[2026-07-18 12:01:24.851] [PID:68522] [INFO] Sending SIGTERM to worker [PID: 68533] (Queue: data-transform)
[2026-07-18 12:01:25.166] [PID:68522] [INFO] Master process received signal 15. Starting shutdown sequence.
[2026-07-18 12:01:25.166] [PID:68522] [INFO] Initiating graceful shutdown. Terminating child workers...
[2026-07-18 12:01:25.166] [PID:68522] [INFO] Terminating worker [PID: 68523]...
[2026-07-18 12:01:25.166] [PID:68522] [INFO] Terminating worker [PID: 68524]...
[2026-07-18 12:01:25.166] [PID:68522] [INFO] Terminating worker [PID: 68525]...
[2026-07-18 12:01:25.166] [PID:68522] [INFO] Terminating worker [PID: 68526]...
[2026-07-18 12:01:25.167] [PID:68522] [INFO] Terminating worker [PID: 68527]...
[2026-07-18 12:01:25.167] [PID:68522] [INFO] Terminating worker [PID: 68528]...
[2026-07-18 12:01:25.167] [PID:68522] [INFO] Terminating worker [PID: 68529]...
[2026-07-18 12:01:25.167] [PID:68522] [INFO] Terminating worker [PID: 68530]...
[2026-07-18 12:01:25.167] [PID:68522] [INFO] Terminating worker [PID: 68531]...
[2026-07-18 12:01:25.167] [PID:68522] [INFO] Terminating worker [PID: 68532]...
[2026-07-18 12:01:25.167] [PID:68522] [INFO] Terminating worker [PID: 68533]...
[2026-07-18 12:01:25.167] [PID:68522] [INFO] Terminating worker [PID: 68534]...
[2026-07-18 12:01:25.168] [PID:68522] [INFO] Terminating worker [PID: 68535]...
[2026-07-18 12:01:25.168] [PID:68522] [INFO] Terminating worker [PID: 68536]...
[2026-07-18 12:01:25.168] [PID:68522] [INFO] Terminating worker [PID: 68537]...
[2026-07-18 12:01:25.168] [PID:68522] [INFO] Terminating worker [PID: 68538]...
[2026-07-18 12:01:25.470] [PID:68527] [INFO] Signal 15 received. Requesting worker shutdown...
[2026-07-18 12:01:25.470] [PID:68538] [INFO] Signal 15 received. Requesting worker shutdown...
[2026-07-18 12:01:25.470] [PID:68527] [INFO] Worker worker:pdf-generation:0db322d7 shut down gracefully.
[2026-07-18 12:01:25.471] [PID:68538] [INFO] Worker worker:data-transform:2252cfd0 shut down gracefully.
[2026-07-18 12:01:25.672] [PID:68523] [INFO] Signal 15 received. Requesting worker shutdown...
[2026-07-18 12:01:25.672] [PID:68537] [INFO] Signal 15 received. Requesting worker shutdown...
[2026-07-18 12:01:25.672] [PID:68526] [INFO] Signal 15 received. Requesting worker shutdown...
[2026-07-18 12:01:25.672] [PID:68528] [INFO] Signal 15 received. Requesting worker shutdown...
[2026-07-18 12:01:25.672] [PID:68529] [INFO] Signal 15 received. Requesting worker shutdown...
[2026-07-18 12:01:25.673] [PID:68523] [INFO] Worker worker:pdf-generation:f7f45cdd shut down gracefully.
[2026-07-18 12:01:25.673] [PID:68528] [INFO] Worker worker:pdf-generation:8482ca99 shut down gracefully.
[2026-07-18 12:01:25.673] [PID:68537] [INFO] Worker worker:api-sync:0c3be20e shut down gracefully.
[2026-07-18 12:01:25.673] [PID:68526] [INFO] Worker worker:pdf-generation:495640cd shut down gracefully.
[2026-07-18 12:01:25.673] [PID:68529] [INFO] Worker worker:pdf-generation:a10657c4 shut down gracefully.
[2026-07-18 12:01:30.203] [PID:68522] [WARNING] Some workers did not exit in time. Force killing remaining workers: 68523, 68524, 68525, 68526, 68527, 68528, 68529, 68530, 68531, 68532, 68533, 68534, 68535, 68536, 68537, 68538
[2026-07-18 12:01:30.204] [PID:68522] [INFO] Master Worker Manager shut down completed.
[2026-07-18 12:01:30.486] [PID:68549] [INFO] Master Worker Manager starting [PID: 68549]
[2026-07-18 12:01:30.486] [PID:68549] [INFO] Initializing queue 'pdf-generation' with 1 minimum workers.
[2026-07-18 12:01:30.487] [PID:68549] [INFO] Spawned worker process [PID: 68550] for queue 'pdf-generation'. Active workers count: 1
[2026-07-18 12:01:30.487] [PID:68549] [INFO] Initializing queue 'api-sync' with 1 minimum workers.
[2026-07-18 12:01:30.487] [PID:68549] [INFO] Spawned worker process [PID: 68551] for queue 'api-sync'. Active workers count: 2
[2026-07-18 12:01:30.487] [PID:68549] [INFO] Initializing queue 'data-transform' with 1 minimum workers.
[2026-07-18 12:01:30.488] [PID:68549] [INFO] Spawned worker process [PID: 68552] for queue 'data-transform'. Active workers count: 3
[2026-07-18 12:01:30.489] [PID:68550] [INFO] Worker worker:pdf-generation:01455f2e starting...
[2026-07-18 12:01:30.489] [PID:68551] [INFO] Worker worker:api-sync:a6fa4ee8 starting...
[2026-07-18 12:01:30.490] [PID:68552] [INFO] Worker worker:data-transform:1b85d579 starting...
[2026-07-18 12:02:05.090] [PID:68550] [INFO] Processing job cli-job-5b7cb2aba7c7 [pdf.generate] (Attempt: 0)
[2026-07-18 12:02:05.944] [PID:68550] [SUCCESS] Job cli-job-5b7cb2aba7c7 [pdf.generate] completed successfully in 853.09ms
[2026-07-18 12:13:56.679] [PID:68549] [INFO] Master process received signal 15. Starting shutdown sequence.
[2026-07-18 12:13:56.680] [PID:68549] [INFO] Initiating graceful shutdown. Terminating child workers...
[2026-07-18 12:13:56.680] [PID:68549] [INFO] Terminating worker [PID: 68550]...
[2026-07-18 12:13:56.680] [PID:68549] [INFO] Terminating worker [PID: 68551]...
[2026-07-18 12:13:56.680] [PID:68549] [INFO] Terminating worker [PID: 68552]...
[2026-07-18 12:13:56.743] [PID:68550] [INFO] Signal 15 received. Requesting worker shutdown...
[2026-07-18 12:13:56.743] [PID:68552] [INFO] Signal 15 received. Requesting worker shutdown...
[2026-07-18 12:13:56.743] [PID:68550] [INFO] Signal 15 received. Requesting worker shutdown...
[2026-07-18 12:13:56.743] [PID:68551] [INFO] Signal 15 received. Requesting worker shutdown...
[2026-07-18 12:13:56.743] [PID:68552] [INFO] Signal 15 received. Requesting worker shutdown...
[2026-07-18 12:13:56.743] [PID:68551] [INFO] Signal 15 received. Requesting worker shutdown...
[2026-07-18 12:13:56.743] [PID:68550] [INFO] Worker worker:pdf-generation:01455f2e shut down gracefully.
[2026-07-18 12:13:56.743] [PID:68552] [INFO] Worker worker:data-transform:1b85d579 shut down gracefully.
[2026-07-18 12:13:56.744] [PID:68551] [INFO] Worker worker:api-sync:a6fa4ee8 shut down gracefully.
[2026-07-18 12:14:01.686] [PID:68549] [WARNING] Some workers did not exit in time. Force killing remaining workers: 68550, 68551, 68552
[2026-07-18 12:14:01.686] [PID:68549] [INFO] Master Worker Manager shut down completed.
[2026-07-18 12:14:03.035] [PID:69669] [INFO] Master Worker Manager starting [PID: 69669]
[2026-07-18 12:14:03.035] [PID:69669] [INFO] Initializing queue 'pdf-generation' with 1 minimum workers.
[2026-07-18 12:14:03.037] [PID:69669] [INFO] Spawned worker process [PID: 69670] for queue 'pdf-generation'. Active workers count: 1
[2026-07-18 12:14:03.037] [PID:69669] [INFO] Initializing queue 'api-sync' with 1 minimum workers.
[2026-07-18 12:14:03.038] [PID:69669] [INFO] Spawned worker process [PID: 69671] for queue 'api-sync'. Active workers count: 2
[2026-07-18 12:14:03.038] [PID:69669] [INFO] Initializing queue 'data-transform' with 1 minimum workers.
[2026-07-18 12:14:03.039] [PID:69669] [INFO] Spawned worker process [PID: 69672] for queue 'data-transform'. Active workers count: 3
[2026-07-18 12:14:03.040] [PID:69670] [INFO] Worker worker:pdf-generation:09dde0a4 starting...
[2026-07-18 12:14:03.041] [PID:69671] [INFO] Worker worker:api-sync:3993e59d starting...
[2026-07-18 12:14:03.041] [PID:69672] [INFO] Worker worker:data-transform:db2414b5 starting...
[2026-07-18 12:14:03.042] [PID:69670] [INFO] Processing job cli-job-395ca478efa4 [pdf.generate] (Attempt: 1)
[2026-07-18 12:14:03.042] [PID:69669] [WARNING] Reclaimed 2 orphaned/crashed tasks from queue 'pdf-generation'.
[2026-07-18 12:14:04.234] [PID:69670] [SUCCESS] Job cli-job-395ca478efa4 [pdf.generate] completed successfully in 1191.14ms
[2026-07-18 12:14:04.255] [PID:69670] [INFO] Processing job cli-job-955c34ead7da [pdf.generate] (Attempt: 1)
[2026-07-18 12:14:04.973] [PID:69670] [SUCCESS] Job cli-job-955c34ead7da [pdf.generate] completed successfully in 716.53ms
